<?xml version="1.0" encoding="UTF-8"?>
<!-- Generated by org.testng.reporters.JUnitReportReporter -->
<testsuite hostname="Mahbubs-MacBook-Pro-2.local" failures="0" tests="3" name="com.careerhack.runners.TestRunner" time="72.601" errors="0" timestamp="2022-09-10T17:36:44 EDT" skipped="0">
  <testcase classname="com.careerhack.runners.TestRunner" name="runScenario" time="17.305"/>
  <system-out/>
  <testcase classname="com.careerhack.runners.TestRunner" name="runScenario" time="14.633"/>
  <system-out/>
  <testcase classname="com.careerhack.runners.TestRunner" name="runScenario" time="40.663"/>
  <system-out/>
</testsuite> <!-- com.careerhack.runners.TestRunner -->
