<?xml version="1.0" encoding="UTF-8"?>
<!-- Generated by org.testng.reporters.JUnitReportReporter -->
<testsuite hostname="Mahbubs-MacBook-Pro-2.local" failures="0" tests="2" name="com.careerhack.runners.TestRunner" time="8.835" errors="0" timestamp="2022-08-20T17:58:55 EDT" skipped="0">
  <testcase classname="com.careerhack.runners.TestRunner" name="runScenario" time="5.335"/>
  <system-out/>
  <testcase classname="com.careerhack.runners.TestRunner" name="runScenario" time="3.500"/>
  <system-out/>
</testsuite> <!-- com.careerhack.runners.TestRunner -->
